# JRE version: Java(TM) SE Runtime Environment (8.0_161-b12) (build 1.8.0_161-b12)
# Java VM: Java HotSpot(TM) Client VM (25.161-b12 mixed mode windows-x86 )
Heap:
 def new generation   total 157248K, used 135461K [0x06800000, 0x112a0000, 0x112a0000)
  eden space 139776K,  91% used [0x06800000, 0x0e4cd030, 0x0f080000)
  from space 17472K,  43% used [0x10190000, 0x1090c6e0, 0x112a0000)
  to   space 17472K,   0% used [0x0f080000, 0x0f080000, 0x10190000)
 tenured generation   total 349568K, used 335994K [0x112a0000, 0x26800000, 0x26800000)
   the space 349568K,  96% used [0x112a0000, 0x25abeb30, 0x25abec00, 0x26800000)
 Metaspace       used 22230K, capacity 22554K, committed 22784K, reserved 22912K
GC Heap History (10 events):
Event: 320.382 GC heap before
{Heap before GC invocations=475 (full 44):
 def new generation   total 157248K, used 148129K [0x06800000, 0x112a0000, 0x112a0000)
  eden space 139776K,  98% used [0x06800000, 0x0ef08988, 0x0f080000)
  from space 17472K,  56% used [0x0f080000, 0x0fa1fc58, 0x10190000)
  to   space 17472K,   0% used [0x10190000, 0x10190000, 0x112a0000)
 tenured generation   total 349568K, used 327326K [0x112a0000, 0x26800000, 0x26800000)
   the space 349568K,  93% used [0x112a0000, 0x25247b50, 0x25247c00, 0x26800000)
 Metaspace       used 22230K, capacity 22554K, committed 22784K, reserved 22912K
Event: 320.388 GC heap after
Heap after GC invocations=476 (full 44):
 def new generation   total 157248K, used 8240K [0x06800000, 0x112a0000, 0x112a0000)
  eden space 139776K,   0% used [0x06800000, 0x06800000, 0x0f080000)
  from space 17472K,  47% used [0x10190000, 0x1099c0b8, 0x112a0000)
  to   space 17472K,   0% used [0x0f080000, 0x0f080000, 0x10190000)
 tenured generation   total 349568K, used 329664K [0x112a0000, 0x26800000, 0x26800000)
   the space 349568K,  94% used [0x112a0000, 0x25490240, 0x25490400, 0x26800000)
 Metaspace       used 22230K, capacity 22554K, committed 22784K, reserved 22912K
}
Event: 321.042 GC heap before
{Heap before GC invocations=476 (full 44):
 def new generation   total 157248K, used 145889K [0x06800000, 0x112a0000, 0x112a0000)
  eden space 139776K,  98% used [0x06800000, 0x0ee6c3c8, 0x0f080000)
  from space 17472K,  47% used [0x10190000, 0x1099c0b8, 0x112a0000)
  to   space 17472K,   0% used [0x0f080000, 0x0f080000, 0x10190000)
 tenured generation   total 349568K, used 329664K [0x112a0000, 0x26800000, 0x26800000)
   the space 349568K,  94% used [0x112a0000, 0x25490240, 0x25490400, 0x26800000)
 Metaspace       used 22230K, capacity 22554K, committed 22784K, reserved 22912K
Event: 321.049 GC heap after
Heap after GC invocations=477 (full 44):
 def new generation   total 157248K, used 11538K [0x06800000, 0x112a0000, 0x112a0000)
  eden space 139776K,   0% used [0x06800000, 0x06800000, 0x0f080000)
  from space 17472K,  66% used [0x0f080000, 0x0fbc4978, 0x10190000)
  to   space 17472K,   0% used [0x10190000, 0x10190000, 0x112a0000)
 tenured generation   total 349568K, used 329664K [0x112a0000, 0x26800000, 0x26800000)
   the space 349568K,  94% used [0x112a0000, 0x25490240, 0x25490400, 0x26800000)
 Metaspace       used 22230K, capacity 22554K, committed 22784K, reserved 22912K
}
Event: 321.744 GC heap before
{Heap before GC invocations=477 (full 44):
 def new generation   total 157248K, used 147250K [0x06800000, 0x112a0000, 0x112a0000)
  eden space 139776K,  97% used [0x06800000, 0x0ec87f18, 0x0f080000)
  from space 17472K,  66% used [0x0f080000, 0x0fbc4978, 0x10190000)
  to   space 17472K,   0% used [0x10190000, 0x10190000, 0x112a0000)
 tenured generation   total 349568K, used 329664K [0x112a0000, 0x26800000, 0x26800000)
   the space 349568K,  94% used [0x112a0000, 0x25490240, 0x25490400, 0x26800000)
 Metaspace       used 22230K, capacity 22554K, committed 22784K, reserved 22912K
Event: 321.751 GC heap after
Heap after GC invocations=478 (full 44):
 def new generation   total 157248K, used 7612K [0x06800000, 0x112a0000, 0x112a0000)
  eden space 139776K,   0% used [0x06800000, 0x06800000, 0x0f080000)
  from space 17472K,  43% used [0x10190000, 0x108ff2f0, 0x112a0000)
  to   space 17472K,   0% used [0x0f080000, 0x0f080000, 0x10190000)
 tenured generation   total 349568K, used 333668K [0x112a0000, 0x26800000, 0x26800000)
   the space 349568K,  95% used [0x112a0000, 0x258790b0, 0x25879200, 0x26800000)
 Metaspace       used 22230K, capacity 22554K, committed 22784K, reserved 22912K
}
Event: 322.406 GC heap before
{Heap before GC invocations=478 (full 44):
 def new generation   total 157248K, used 141238K [0x06800000, 0x112a0000, 0x112a0000)
  eden space 139776K,  95% used [0x06800000, 0x0ea7e690, 0x0f080000)
  from space 17472K,  43% used [0x10190000, 0x108ff2f0, 0x112a0000)
  to   space 17472K,   0% used [0x0f080000, 0x0f080000, 0x10190000)
 tenured generation   total 349568K, used 333668K [0x112a0000, 0x26800000, 0x26800000)
   the space 349568K,  95% used [0x112a0000, 0x258790b0, 0x25879200, 0x26800000)
 Metaspace       used 22230K, capacity 22554K, committed 22784K, reserved 22912K
Event: 322.413 GC heap after
Heap after GC invocations=479 (full 44):
 def new generation   total 157248K, used 9843K [0x06800000, 0x112a0000, 0x112a0000)
  eden space 139776K,   0% used [0x06800000, 0x06800000, 0x0f080000)
  from space 17472K,  56% used [0x0f080000, 0x0fa1cd68, 0x10190000)
  to   space 17472K,   0% used [0x10190000, 0x10190000, 0x112a0000)
 tenured generation   total 349568K, used 333668K [0x112a0000, 0x26800000, 0x26800000)
   the space 349568K,  95% used [0x112a0000, 0x258790b0, 0x25879200, 0x26800000)
 Metaspace       used 22230K, capacity 22554K, committed 22784K, reserved 22912K
}
Event: 323.117 GC heap before
{Heap before GC invocations=479 (full 44):
 def new generation   total 157248K, used 146107K [0x06800000, 0x112a0000, 0x112a0000)
  eden space 139776K,  97% used [0x06800000, 0x0ed11f78, 0x0f080000)
  from space 17472K,  56% used [0x0f080000, 0x0fa1cd68, 0x10190000)
  to   space 17472K,   0% used [0x10190000, 0x10190000, 0x112a0000)
 tenured generation   total 349568K, used 333668K [0x112a0000, 0x26800000, 0x26800000)
   the space 349568K,  95% used [0x112a0000, 0x258790b0, 0x25879200, 0x26800000)
 Metaspace       used 22230K, capacity 22554K, committed 22784K, reserved 22912K
Event: 323.123 GC heap after
Heap after GC invocations=480 (full 44):
 def new generation   total 157248K, used 7665K [0x06800000, 0x112a0000, 0x112a0000)
  eden space 139776K,   0% used [0x06800000, 0x06800000, 0x0f080000)
  from space 17472K,  43% used [0x10190000, 0x1090c6e0, 0x112a0000)
  to   space 17472K,   0% used [0x0f080000, 0x0f080000, 0x10190000)
 tenured generation   total 349568K, used 335994K [0x112a0000, 0x26800000, 0x26800000)
   the space 349568K,  96% used [0x112a0000, 0x25abeb30, 0x25abec00, 0x26800000)
 Metaspace       used 22230K, capacity 22554K, committed 22784K, reserved 22912K
}

